[21:12:21] [ServerMain/INFO]: [bootstrap] Running Java 21 (OpenJDK 64-Bit Server VM 21.0.5+11-Ubuntu-1ubuntu120.04; Ubuntu null) on Linux 6.5.0-1025-azure (amd64)
[21:12:21] [ServerMain/INFO]: [bootstrap] Loading Paper 1.21.3-63-master@4190ee7 (2024-11-25T18:59:19Z) for Minecraft 1.21.3
[21:12:21] [ServerMain/INFO]: [PluginInitializerManager] Initializing plugins...
[21:12:21] [ServerMain/INFO]: [PluginInitializerManager] Initialized 0 plugins
[21:12:23] [Paper Plugin Remapper Thread - 1/INFO]: [ReobfServer] Remapping server...
[21:12:33] [ServerMain/INFO]: Environment: Environment[sessionHost=https://sessionserver.mojang.com, servicesHost=https://api.minecraftservices.com, name=PROD]
[21:12:33] [ServerMain/INFO]: Found new data pack file/bukkit, loading it automatically
[21:12:33] [ServerMain/INFO]: Found new data pack paper, loading it automatically
[21:12:39] [ServerMain/INFO]: Loaded 1337 recipes
[21:12:39] [ServerMain/INFO]: Loaded 1448 advancements
[21:12:39] [Paper Plugin Remapper Thread - 1/INFO]: [ReobfServer] Done remapping server in 16310ms.
[21:12:39] [Server thread/INFO]: Starting minecraft server version 1.21.3
[21:12:39] [Server thread/INFO]: Loading properties
[21:12:39] [Server thread/INFO]: This server is running Paper version 1.21.3-63-master@4190ee7 (2024-11-25T18:59:19Z) (Implementing API version 1.21.3-R0.1-SNAPSHOT)
[21:12:40] [Server thread/INFO]: [spark] This server bundles the spark profiler. For more information please visit https://docs.papermc.io/paper/profiling
[21:12:41] [Server thread/INFO]: Server Ping Player Sample Count: 12
[21:12:41] [Server thread/INFO]: Using 4 threads for Netty based IO
[21:12:41] [Server thread/INFO]: [MoonriseCommon] Paper is using 1 worker threads, 1 I/O threads
[21:12:41] [Server thread/INFO]: [ChunkTaskScheduler] Chunk system is using population gen parallelism: true
[21:12:42] [Server thread/INFO]: Default game type: SURVIVAL
[21:12:42] [Server thread/INFO]: Generating keypair
[21:12:42] [Server thread/INFO]: Starting Minecraft server on *:25565
[21:12:42] [Server thread/INFO]: Using epoll channel type
[21:12:42] [Server thread/INFO]: Paper: Using libdeflate (Linux x86_64) compression from Velocity.
[21:12:42] [Server thread/INFO]: Paper: Using OpenSSL 1.1.x (Linux x86_64) cipher from Velocity.
[21:12:43] [Server thread/WARN]: **** SERVER IS RUNNING IN OFFLINE/INSECURE MODE!
[21:12:43] [Server thread/WARN]: The server will make no attempt to authenticate usernames. Beware.
[21:12:43] [Server thread/WARN]: While this makes the game possible to play without internet access, it also opens up the ability for hackers to connect with any username they choose.
[21:12:43] [Server thread/WARN]: To change this, set "online-mode" to "true" in the server.properties file.
[21:12:43] [Server thread/INFO]: Preparing level "world"
[21:12:43] [Server thread/INFO]: ---- Migration of old nether folder required ----
[21:12:43] [Server thread/INFO]: Unfortunately due to the way that Minecraft implemented multiworld support in 1.6, Bukkit requires that you move your nether folder to a new location in order to operate correctly.
[21:12:43] [Server thread/INFO]: We will move this folder for you, but it will mean that you need to move it back should you wish to stop using Bukkit in the future.
[21:12:43] [Server thread/INFO]: Attempting to move world/DIM-1 to world_nether/DIM-1...
[21:12:43] [Server thread/INFO]: Success! To restore nether in the future, simply move world_nether/DIM-1 to world/DIM-1
[21:12:43] [Server thread/INFO]: ---- Migration of old nether folder complete ----
[21:12:43] [Server thread/INFO]: ---- Migration of old the_end folder required ----
[21:12:43] [Server thread/INFO]: Unfortunately due to the way that Minecraft implemented multiworld support in 1.6, Bukkit requires that you move your the_end folder to a new location in order to operate correctly.
[21:12:43] [Server thread/INFO]: We will move this folder for you, but it will mean that you need to move it back should you wish to stop using Bukkit in the future.
[21:12:43] [Server thread/INFO]: Attempting to move world/DIM1 to world_the_end/DIM1...
[21:12:43] [Server thread/INFO]: Success! To restore the_end in the future, simply move world_the_end/DIM1 to world/DIM1
[21:12:43] [Server thread/INFO]: ---- Migration of old the_end folder complete ----
[21:12:44] [Server thread/INFO]: Preparing start region for dimension minecraft:overworld
[21:12:44] [Server thread/INFO]: Preparing spawn area: 0%
[21:12:44] [Server thread/INFO]: Preparing spawn area: 2%
[21:12:44] [Paper Common Worker #0/INFO]: [MCTypeRegistry] Initialising converters for DataConverter...
[21:12:45] [Paper Common Worker #0/INFO]: [MCTypeRegistry] Finished initialising converters for DataConverter in 737.5ms
[21:12:45] [Server thread/INFO]: Preparing spawn area: 2%
[21:12:45] [Server thread/INFO]: Preparing spawn area: 2%
[21:12:46] [Server thread/INFO]: Preparing spawn area: 30%
[21:12:46] [Server thread/INFO]: Time elapsed: 2487 ms
[21:12:46] [Server thread/INFO]: Preparing start region for dimension minecraft:the_nether
[21:12:46] [Server thread/INFO]: Preparing spawn area: 0%
[21:12:47] [Server thread/INFO]: Preparing spawn area: 0%
[21:12:47] [Server thread/INFO]: Preparing spawn area: 0%
[21:12:48] [Server thread/INFO]: Preparing spawn area: 0%
[21:12:48] [Server thread/INFO]: Preparing spawn area: 0%
[21:12:49] [Server thread/INFO]: Preparing spawn area: 0%
[21:12:49] [Server thread/INFO]: Preparing spawn area: 0%
[21:12:50] [Server thread/INFO]: Preparing spawn area: 0%
[21:12:50] [Server thread/INFO]: Preparing spawn area: 0%
[21:12:51] [Server thread/INFO]: Preparing spawn area: 0%
[21:12:51] [Server thread/INFO]: Preparing spawn area: 0%
[21:12:52] [Server thread/INFO]: Preparing spawn area: 2%
[21:12:52] [Server thread/INFO]: Preparing spawn area: 2%
[21:12:53] [Server thread/INFO]: Preparing spawn area: 18%
[21:12:53] [Server thread/INFO]: Preparing spawn area: 18%
[21:12:54] [Server thread/INFO]: Preparing spawn area: 18%
[21:12:54] [Server thread/INFO]: Preparing spawn area: 28%
[21:12:55] [Server thread/INFO]: Preparing spawn area: 51%
[21:12:55] [Server thread/INFO]: Preparing spawn area: 51%
[21:12:56] [Server thread/INFO]: Preparing spawn area: 73%
[21:12:56] [Server thread/INFO]: Time elapsed: 9910 ms
[21:12:56] [Server thread/INFO]: Preparing start region for dimension minecraft:the_end
[21:12:56] [Server thread/INFO]: Preparing spawn area: 0%
[21:12:56] [Server thread/INFO]: Preparing spawn area: 0%
[21:12:57] [Server thread/INFO]: Preparing spawn area: 6%
[21:12:57] [Server thread/INFO]: Preparing spawn area: 51%
[21:12:58] [Server thread/INFO]: Time elapsed: 1779 ms
[21:12:58] [Server thread/INFO]: [spark] Starting background profiler...
[21:12:58] [Server thread/INFO]: Done preparing level "world" (15.493s)
[21:12:58] [Server thread/INFO]: Running delayed init tasks
[21:12:58] [Server thread/INFO]: Done (38.475s)! For help, type "help"
[21:12:58] [Server thread/INFO]: *************************************************************************************
[21:12:58] [Server thread/INFO]: This is the first time you're starting this server.
[21:12:58] [Server thread/INFO]: It's recommended you read our 'Getting Started' documentation for guidance.
[21:12:58] [Server thread/INFO]: View this and more helpful information here: https://docs.papermc.io/paper/next-steps
[21:12:58] [Server thread/INFO]: *************************************************************************************
[21:13:58] [Server thread/INFO]: Server empty for 60 seconds, pausing
[21:15:52] [Server thread/INFO]: Stopping the server
[21:15:52] [Server thread/INFO]: Stopping server
[21:15:52] [Server thread/INFO]: Saving players
[21:15:52] [Server thread/INFO]: Saving worlds
[21:15:52] [Server thread/INFO]: Saving chunks for level 'ServerLevel[world]'/minecraft:overworld
[21:15:52] [Server thread/INFO]: [ChunkHolderManager] Waiting 60s for chunk system to halt for world 'world'
[21:15:52] [Server thread/INFO]: [ChunkHolderManager] Halted chunk system for world 'world'
[21:15:52] [Server thread/INFO]: [ChunkHolderManager] Saving all chunkholders for world 'world'
[21:15:52] [Server thread/INFO]: [ChunkHolderManager] Saved 0 block chunks, 3 entity chunks, 0 poi chunks in world 'world' in 0.01s
[21:15:52] [Server thread/INFO]: [ChunkHolderManager] Waiting 60s for chunk I/O to halt for world 'world'
[21:15:52] [Server thread/INFO]: [ChunkHolderManager] Halted I/O scheduler for world 'world'
[21:15:52] [Server thread/INFO]: Saving chunks for level 'ServerLevel[world_nether]'/minecraft:the_nether
[21:15:52] [Server thread/INFO]: [ChunkHolderManager] Waiting 60s for chunk system to halt for world 'world_nether'
[21:15:52] [Server thread/INFO]: [ChunkHolderManager] Halted chunk system for world 'world_nether'
[21:15:52] [Server thread/INFO]: [ChunkHolderManager] Saving all chunkholders for world 'world_nether'
[21:15:53] [Server thread/INFO]: [ChunkHolderManager] Saved 792 block chunks, 0 entity chunks, 0 poi chunks in world 'world_nether' in 0.71s
[21:15:53] [Server thread/INFO]: [ChunkHolderManager] Waiting 60s for chunk I/O to halt for world 'world_nether'
[21:15:53] [Server thread/INFO]: [ChunkHolderManager] Halted I/O scheduler for world 'world_nether'
[21:15:53] [Server thread/INFO]: Saving chunks for level 'ServerLevel[world_the_end]'/minecraft:the_end
[21:15:53] [Server thread/INFO]: [ChunkHolderManager] Waiting 60s for chunk system to halt for world 'world_the_end'
[21:15:53] [Server thread/INFO]: [ChunkHolderManager] Halted chunk system for world 'world_the_end'
[21:15:53] [Server thread/INFO]: [ChunkHolderManager] Saving all chunkholders for world 'world_the_end'
[21:15:53] [Server thread/INFO]: [ChunkHolderManager] Saved 792 block chunks, 0 entity chunks, 0 poi chunks in world 'world_the_end' in 0.64s
[21:15:53] [Server thread/INFO]: [ChunkHolderManager] Waiting 60s for chunk I/O to halt for world 'world_the_end'
[21:15:53] [Server thread/INFO]: [ChunkHolderManager] Halted I/O scheduler for world 'world_the_end'
[21:15:53] [Server thread/INFO]: ThreadedAnvilChunkStorage (world): All chunks are saved
[21:15:53] [Server thread/INFO]: ThreadedAnvilChunkStorage (DIM-1): All chunks are saved
[21:15:53] [Server thread/INFO]: ThreadedAnvilChunkStorage (DIM1): All chunks are saved
[21:15:53] [Server thread/INFO]: ThreadedAnvilChunkStorage: All dimensions are saved
[21:15:53] [Server thread/INFO]: Waiting for I/O tasks to complete...
[21:15:53] [Server thread/INFO]: All I/O tasks to complete
[21:15:53] [Server thread/INFO]: [MoonriseCommon] Awaiting termination of worker pool for up to 60s...
[21:15:53] [Server thread/INFO]: [MoonriseCommon] Awaiting termination of I/O pool for up to 60s...
